<?xml version="1.0" encoding="UTF-8"?>
<!-- Generated by org.testng.reporters.JUnitReportReporter -->
<testsuite hostname="DESKTOP-1PMTGDA" failures="0" tests="1" name="com.pom.selenium.testNG.amazon.PomTestNGTester" time="43.211" errors="0" timestamp="2025-04-18T23:06:53 SAST" skipped="0">
  <testcase classname="com.pom.selenium.testNG.amazon.PomTestNGTester" name="searchSmegKettle" time="43.211"/>
</testsuite> <!-- com.pom.selenium.testNG.amazon.PomTestNGTester -->
